.CODE
PUSH simple_heap_init
CALL
PUSH main@Init
CALL
HALT

simple_heap_init:
RET 0

simple_malloc:
LOADFP ; Inicializaci칩n unidad
LOADSP
STOREFP ; Finaliza inicializaci칩n del RA
LOADHL ; hl
DUP ; hl
PUSH 1 ; 1
ADD ; hl + 1
STORE 4 ; Guarda resultado (puntero a base del bloque)
LOAD 3 ; Carga cantidad de celdas a alojar (par치metro)
ADD
STOREHL ; Mueve el heap limit (hl)
STOREFP
RET 1 ; Retorna eliminando el par치metro

.DATA
VT_A: NOP

.CODE
m1@A:
LOADFP
LOADSP
STOREFP
PUSH VT_System
DUP ; no perder el this
LOADREF 0 ; cargo la vt
LOADREF-1
CALL
FMEM 0 ; libero el espacio para las variables locles, se liberaron 0espacios de memoria
STOREFP
RET 0
m2@A:
LOADFP
LOADSP
STOREFP
RMEM 1 + guardo lugar para la variable local v1
PUSH 11; apilo entero
STORE -1
RMEM 1 + guardo lugar para la variable local v2
PUSH 12; apilo entero
STORE -1
PUSH VT_System
RMEM 1 ; reservo lugar para el return
SWAP
DUP ; no perder el this
LOADREF 0 ; cargo la vt
LOADREF-1
CALL
PUSH VT_System
RMEM 1 ; reservo lugar para el return
SWAP
DUP ; no perder el this
LOADREF 0 ; cargo la vt
LOADREF-1
CALL
RMEM 1 + guardo lugar para la variable local v3
PUSH 13; apilo entero
STORE -1
PUSH VT_System
RMEM 1 ; reservo lugar para el return
SWAP
DUP ; no perder el this
LOADREF 0 ; cargo la vt
LOADREF-1
CALL
FMEM3
PUSH 14; apilo entero
STORE 4
STOREFP
RET 1
FMEM 3 ; libero el espacio para las variables locles, se liberaron 3espacios de memoria
STOREFP
RET 0
m3$int$int@A:
LOADFP
LOADSP
STOREFP
RMEM 1 + guardo lugar para la variable local v1
LOAD -1 ; parametrop1
STORE -1
RMEM 1 + guardo lugar para la variable local v2
LOAD -1 ; parametrop2
STORE -1
PUSH VT_System
RMEM 1 ; reservo lugar para el return
SWAP
DUP ; no perder el this
LOADREF 0 ; cargo la vt
LOADREF-1
CALL
PUSH VT_System
RMEM 1 ; reservo lugar para el return
SWAP
DUP ; no perder el this
LOADREF 0 ; cargo la vt
LOADREF-1
CALL
RMEM 1 + guardo lugar para la variable local v3
PUSH 3; apilo entero
STORE -1
PUSH VT_System
RMEM 1 ; reservo lugar para el return
SWAP
DUP ; no perder el this
LOADREF 0 ; cargo la vt
LOADREF-1
CALL
FMEM3
LOAD -1 ; parametrop1
STORE 6
STOREFP
RET 3
FMEM 3 ; libero el espacio para las variables locles, se liberaron 3espacios de memoria
STOREFP
RET 2
m4$int$int$int@A:
LOADFP
LOADSP
STOREFP
RMEM 1 + guardo lugar para la variable local v1
PUSH 7; apilo entero
STORE -1
RMEM 1 + guardo lugar para la variable local v2
PUSH 9; apilo entero
STORE -1
PUSH VT_System
RMEM 1 ; reservo lugar para el return
SWAP
DUP ; no perder el this
LOADREF 0 ; cargo la vt
LOADREF-1
CALL
PUSH VT_System
RMEM 1 ; reservo lugar para el return
SWAP
DUP ; no perder el this
LOADREF 0 ; cargo la vt
LOADREF-1
CALL
RMEM 1 + guardo lugar para la variable local v3
LOAD -1 ; parametrop3
STORE -1
PUSH VT_System
RMEM 1 ; reservo lugar para el return
SWAP
DUP ; no perder el this
LOADREF 0 ; cargo la vt
LOADREF-1
CALL
RMEM 1 + guardo lugar para la variable local v4
LOAD -1 ; parametrop1
STORE -1
PUSH VT_System
RMEM 1 ; reservo lugar para el return
SWAP
DUP ; no perder el this
LOADREF 0 ; cargo la vt
LOADREF-1
CALL
FMEM4
LOAD -1 ; parametrop2
STORE 7
STOREFP
RET 4
FMEM 4 ; libero el espacio para las variables locles, se liberaron 4espacios de memoria
STOREFP
RET 3



.DATA
VT_Init: NOP

.CODE
main@Init:
LOADFP
LOADSP
STOREFP
RMEM 1 + guardo lugar para la variable local v1
PUSH 7; apilo entero
STORE -1
RMEM 1 ; reservo para el malloc
PUSH 01; apilo los atributos
PUSH simple_malloc ; rutina de heap
CALL
DUP ; no perder el nuevo CiR
PUSH VT_System; apilo el comienzo de la vt
STOREREF 0 
FMEM 1 ; libero el espacio para las variables locles, se liberaron 1espacios de memoria
STOREFP
RET 1



.DATA
VT_B: NOP

.CODE
m1$int@B:
LOADFP
LOADSP
STOREFP
FMEM0
LOAD -1 ; parametrop
STORE 5
STOREFP
RET 2
FMEM 0 ; libero el espacio para las variables locles, se liberaron 0espacios de memoria
STOREFP
RET 1



.DATA
VT_Object: NOP

.CODE
debugPrint$int@Object:
LOADFP
LOADSP
STOREFP
LOAD 3 ; cargo el primer parametro
IPRINT
PRNLN
STOREFP
RET 1; +1





.DATA
VT_String: NOP

.CODE



.DATA
VT_System: NOP

.CODE
printC$boolean@System:
LOADFP
LOADSP
STOREFP
LOAD 3 ; cargo el primer parametro
CPRINT
STOREFP
RET 1; +1


printS$string@System:
LOADFP
LOADSP
STOREFP
LOAD 3 ; cargo el primer parametro
SPRINT
STOREFP
RET 1; +1


println@System:
LOADFP
LOADSP
STOREFP
PRNLN
STOREFP
RET 0; +0


printCln$char@System:
LOADFP
LOADSP
STOREFP
LOAD 3 ; cargo el primer parametro
CPRINT
PRNLN
STOREFP
RET 1; +1


printSln$string@System:
LOADFP
LOADSP
STOREFP
LOAD 3 ; cargo el primer parametro
SPRINT
PRNLN
STOREFP
RET 1; +1


read@System:
LOADFP
LOADSP
STOREFP
READ ; lectura de un digito entero
PUSH 48 ; apilo el 48 para restarselo al ASCII del digito paa obtener el numero
SUB
STORE 3 ; pongo el tope de la pila en la locacion reservada
STOREFP
RET 0; +0


printB$boolean@System:
LOADFP
LOADSP
STOREFP
LOAD 3 ; cargo el primer parametro
BPRINT
STOREFP
RET 1; +1


printIln$int@System:
LOADFP
LOADSP
STOREFP
LOAD 3 ; cargo el primer parametro
IPRINT
PRNLN
STOREFP
RET 1; +1


printI$int@System:
LOADFP
LOADSP
STOREFP
LOAD 3 ; cargo el primer parametro
IPRINT
STOREFP
RET 1; +1


printBln$boolean@System:
LOADFP
LOADSP
STOREFP
LOAD 3 ; cargo el primer parametro
BPRINT
PRNLN
STOREFP
RET 1; +1





