.CODE
PUSH simple_heap_init
CALL
PUSH main@Init
CALL
HALT

simple_heap_init: RET 0 ; Retorna inmediatamente

simple_malloc:
LOADFP ; Inicialización unidad
LOADSP
STOREFP ; Finaliza inicialización del RA
LOADHL ; hl
DUP ; hl
PUSH 1 ; 1
ADD ; hl + 1
STORE 4 ; Guarda el resultado (un puntero a la primer celda de la región de memoria)
LOAD 3 ; Carga cantidad de celdas a alojar (parámetro)
ADD
STOREHL ; Mueve el heap limit (hl)
STOREFP ; Almacena el tope de la pila en el registro fp
RET 1 ; Retorna eliminando el parámetro




.DATA
VT_A: DW getInt@A,method@A

.CODE
getInt@A:
LOADFP ; Apila el valor del registro fp
LOADSP ; Apila el valor del registro sp
STOREFP ; Almacena el tope de la pila en el registro fp
FMEM 0
PUSH 1 ; Apila el entero 1
STORE 4
STOREFP ; Almacena el tope de la pila en el registro fp
RET 1



FMEM 0
STOREFP ;AF Almacena el tope de la pila en el registro fp
RET 1
method@A:
LOADFP ; Apila el valor del registro fp
LOADSP ; Apila el valor del registro sp
STOREFP ; Almacena el tope de la pila en el registro fp
LOAD 3
RMEM 1 ; reservo lugar para el return
SWAP
DUP
LOADREF 0 ; Cargo la VT
LOADREF 0
CALL
POP
FMEM 0
STOREFP ;AF Almacena el tope de la pila en el registro fp
RET 1



lblConstructor@A:
LOADFP ; Apila el valor del registro fp
LOADSP ; Apila el valor del registro sp
STOREFP ; Almacena el tope de la pila en el registro fp
FMEM 0
FMEM 0
STOREFP ;AF Almacena el tope de la pila en el registro fp
RET 1



.DATA
VT_Init: NOP

.CODE
main@Init:
LOADFP ; Apila el valor del registro fp
LOADSP ; Apila el valor del registro sp
STOREFP ; Almacena el tope de la pila en el registro fp
RMEM 1 ; guardo lugar para la variable local a
RMEM 1
PUSH 1; apilo los atributos
PUSH simple_malloc
CALL
DUP
PUSH VT_Init; apilo el comienzo de la vt
STOREREF 0
DUP



PUSH lblConstructor@A
CALL
STORE 0
LOAD 0 ; apilo variable local
DUP ; no perder el this
LOADREF 0 ; cargo la vt
LOADREF 1
CALL
FMEM 1
STOREFP ;AF Almacena el tope de la pila en el registro fp
RET 0



.DATA
VT_Object: NOP

.CODE
debugPrint$int@Object:
LOADFP
LOADSP
STOREFP ; Almacena el tope de la pila en el registro fp
LOAD 3 ; cargo el primer parametro
IPRINT
PRNLN
STOREFP ; Almacena el tope de la pila en el registro fp
RET 1; +1





.DATA
VT_String: NOP

.CODE



.DATA
VT_System: NOP

.CODE
printC$boolean@System:
LOADFP
LOADSP
STOREFP ; Almacena el tope de la pila en el registro fp
LOAD 3 ; cargo el primer parametro
CPRINT
STOREFP ; Almacena el tope de la pila en el registro fp
RET 1; +1


printS$string@System:
LOADFP
LOADSP
STOREFP ; Almacena el tope de la pila en el registro fp
LOAD 3 ; cargo el primer parametro
SPRINT
STOREFP ; Almacena el tope de la pila en el registro fp
RET 1; +1


println@System:
LOADFP
LOADSP
STOREFP ; Almacena el tope de la pila en el registro fp
PRNLN
STOREFP ; Almacena el tope de la pila en el registro fp
RET 0; +0


printCln$char@System:
LOADFP
LOADSP
STOREFP ; Almacena el tope de la pila en el registro fp
LOAD 3 ; cargo el primer parametro
CPRINT
PRNLN
STOREFP ; Almacena el tope de la pila en el registro fp
RET 1; +1


printSln$string@System:
LOADFP
LOADSP
STOREFP ; Almacena el tope de la pila en el registro fp
LOAD 3 ; cargo el primer parametro
SPRINT
PRNLN
STOREFP ; Almacena el tope de la pila en el registro fp
RET 1; +1


read@System:
LOADFP
LOADSP
STOREFP ; Almacena el tope de la pila en el registro fp
READ ; lectura de un digito entero
PUSH 48 ; apilo el 48 para restarselo al ASCII del digito paa obtener el numero
SUB
STORE 3 ; pongo el tope de la pila en la locacion reservada
STOREFP ; Almacena el tope de la pila en el registro fp
RET 0; +0


printB$boolean@System:
LOADFP
LOADSP
STOREFP ; Almacena el tope de la pila en el registro fp
LOAD 3 ; cargo el primer parametro
BPRINT
STOREFP ; Almacena el tope de la pila en el registro fp
RET 1; +1


printIln$int@System:
LOADFP
LOADSP
STOREFP ; Almacena el tope de la pila en el registro fp
LOAD 3 ; cargo el primer parametro
IPRINT
PRNLN
STOREFP ; Almacena el tope de la pila en el registro fp
RET 1; +1


printI$int@System:
LOADFP
LOADSP
STOREFP ; Almacena el tope de la pila en el registro fp
LOAD 3 ; cargo el primer parametro
IPRINT
STOREFP ; Almacena el tope de la pila en el registro fp
RET 1; +1


printBln$boolean@System:
LOADFP
LOADSP
STOREFP ; Almacena el tope de la pila en el registro fp
LOAD 3 ; cargo el primer parametro
BPRINT
PRNLN
STOREFP ; Almacena el tope de la pila en el registro fp
RET 1; +1


