.CODE
PUSH simple_heap_init
CALL
PUSH main@Main
CALL
HALT

simple_heap_init: RET 0 ; Retorna inmediatamente

simple_malloc:
LOADFP ; Inicialización unidad
LOADSP
STOREFP ; Finaliza inicialización del RA
LOADHL ; hl
DUP ; hl
PUSH 1 ; 1
ADD ; hl + 1
STORE 4 ; Guarda el resultado (un puntero a la primer celda de la región de memoria)
LOAD 3 ; Carga cantidad de celdas a alojar (parámetro)
ADD
STOREHL ; Mueve el heap limit (hl)
STOREFP ; Almacena el tope de la pila en el registro fp
RET 1 ; Retorna eliminando el parámetro




.DATA
VT_A: NOP

.CODE



lblConstructor@A:
LOADFP ; Apila el valor del registro fp
LOADSP ; Apila el valor del registro sp
STOREFP ; Almacena el tope de la pila en el registro fp
FMEM 0
FMEM 0
STOREFP ;AF Almacena el tope de la pila en el registro fp
RET 1



.DATA
VT_B: NOP

.CODE



lblConstructor@B:
LOADFP ; Apila el valor del registro fp
LOADSP ; Apila el valor del registro sp
STOREFP ; Almacena el tope de la pila en el registro fp
FMEM 0
FMEM 0
STOREFP ;AF Almacena el tope de la pila en el registro fp
RET 1



.DATA
VT_U: NOP

.CODE



lblConstructor@U:
LOADFP ; Apila el valor del registro fp
LOADSP ; Apila el valor del registro sp
STOREFP ; Almacena el tope de la pila en el registro fp
FMEM 0
FMEM 0
STOREFP ;AF Almacena el tope de la pila en el registro fp
RET 1



.DATA
VT_V: NOP

.CODE



lblConstructor@V:
LOADFP ; Apila el valor del registro fp
LOADSP ; Apila el valor del registro sp
STOREFP ; Almacena el tope de la pila en el registro fp
FMEM 0
FMEM 0
STOREFP ;AF Almacena el tope de la pila en el registro fp
RET 1



.DATA
VT_Object: NOP

.CODE
debugPrint$int@Object:
LOADFP
LOADSP
STOREFP ; Almacena el tope de la pila en el registro fp
LOAD 3 ; cargo el primer parametro
IPRINT
PRNLN
STOREFP ; Almacena el tope de la pila en el registro fp
RET 1; +1





lblConstructor@Object:
LOADFP ; Apila el valor del registro fp
LOADSP ; Apila el valor del registro sp
STOREFP ; Almacena el tope de la pila en el registro fp
FMEM 0
FMEM 0
STOREFP ;AF Almacena el tope de la pila en el registro fp
RET 1



.DATA
VT_String: NOP

.CODE



lblConstructor@String:
LOADFP ; Apila el valor del registro fp
LOADSP ; Apila el valor del registro sp
STOREFP ; Almacena el tope de la pila en el registro fp
FMEM 0
FMEM 0
STOREFP ;AF Almacena el tope de la pila en el registro fp
RET 1



.DATA
VT_Main: DW m1@Main,m2@Main,m3@Main,m4@Main,m5@Main,m6@Main,m7@Main,m8@Main,m9@Main

.CODE
m1@Main:
LOADFP ; Apila el valor del registro fp
LOADSP ; Apila el valor del registro sp
STOREFP ; Almacena el tope de la pila en el registro fp
FMEM 0
RMEM 1 ; puntero al String en .HEAP
PUSH 2
PUSH simple_malloc
CALL
DUP ; Duplico la referencia del comienzo del String ya que STOREREF la consume
PUSH '1' 
STOREREF 0 ; Guardo la letra apilada
DUP ; Duplico la referencia del comienzo del String ya que STOREREF la consume
PUSH 0 ; Apilo terminador
STOREREF 1
STORE 4
STOREFP ; Almacena el tope de la pila en el registro fp
RET 1



FMEM 0
STOREFP ;AF Almacena el tope de la pila en el registro fp
RET 1
m2@Main:
LOADFP ; Apila el valor del registro fp
LOADSP ; Apila el valor del registro sp
STOREFP ; Almacena el tope de la pila en el registro fp
FMEM 0
RMEM 1 ; puntero al String en .HEAP
PUSH 1
PUSH simple_malloc
CALL
DUP ; Duplico la referencia del comienzo del String ya que STOREREF la consume
PUSH 0 ; Apilo terminador
STOREREF 0
STORE 4
STOREFP ; Almacena el tope de la pila en el registro fp
RET 1



FMEM 0
STOREFP ;AF Almacena el tope de la pila en el registro fp
RET 1
m3@Main:
LOADFP ; Apila el valor del registro fp
LOADSP ; Apila el valor del registro sp
STOREFP ; Almacena el tope de la pila en el registro fp
FMEM 0
RMEM 1 ; puntero al String en .HEAP
PUSH 8
PUSH simple_malloc
CALL
DUP ; Duplico la referencia del comienzo del String ya que STOREREF la consume
PUSH ',' 
STOREREF 0 ; Guardo la letra apilada
DUP ; Duplico la referencia del comienzo del String ya que STOREREF la consume
PUSH ' ' 
STOREREF 1 ; Guardo la letra apilada
DUP ; Duplico la referencia del comienzo del String ya que STOREREF la consume
PUSH 'O' 
STOREREF 2 ; Guardo la letra apilada
DUP ; Duplico la referencia del comienzo del String ya que STOREREF la consume
PUSH 'n' 
STOREREF 3 ; Guardo la letra apilada
DUP ; Duplico la referencia del comienzo del String ya que STOREREF la consume
PUSH 'e' 
STOREREF 4 ; Guardo la letra apilada
DUP ; Duplico la referencia del comienzo del String ya que STOREREF la consume
PUSH '!' 
STOREREF 5 ; Guardo la letra apilada
DUP ; Duplico la referencia del comienzo del String ya que STOREREF la consume
PUSH '!' 
STOREREF 6 ; Guardo la letra apilada
DUP ; Duplico la referencia del comienzo del String ya que STOREREF la consume
PUSH 0 ; Apilo terminador
STOREREF 7
STORE 4
STOREFP ; Almacena el tope de la pila en el registro fp
RET 1



FMEM 0
STOREFP ;AF Almacena el tope de la pila en el registro fp
RET 1
m4@Main:
LOADFP ; Apila el valor del registro fp
LOADSP ; Apila el valor del registro sp
STOREFP ; Almacena el tope de la pila en el registro fp
FMEM 0
RMEM 1
PUSH 1; apilo los atributos
PUSH simple_malloc
CALL
DUP
PUSH VT_A; apilo el comienzo de la vt
STOREREF 0
DUP



PUSH lblConstructor@A
CALL
STORE 4
STOREFP ; Almacena el tope de la pila en el registro fp
RET 1



FMEM 0
STOREFP ;AF Almacena el tope de la pila en el registro fp
RET 1
m5@Main:
LOADFP ; Apila el valor del registro fp
LOADSP ; Apila el valor del registro sp
STOREFP ; Almacena el tope de la pila en el registro fp
FMEM 0
RMEM 1
PUSH 1; apilo los atributos
PUSH simple_malloc
CALL
DUP
PUSH VT_B; apilo el comienzo de la vt
STOREREF 0
DUP



PUSH lblConstructor@B
CALL
STORE 4
STOREFP ; Almacena el tope de la pila en el registro fp
RET 1



FMEM 0
STOREFP ;AF Almacena el tope de la pila en el registro fp
RET 1
m6@Main:
LOADFP ; Apila el valor del registro fp
LOADSP ; Apila el valor del registro sp
STOREFP ; Almacena el tope de la pila en el registro fp
FMEM 0
PUSH 0 ; apilo null
STORE 4
STOREFP ; Almacena el tope de la pila en el registro fp
RET 1



FMEM 0
STOREFP ;AF Almacena el tope de la pila en el registro fp
RET 1
main@Main:
LOADFP ; Apila el valor del registro fp
LOADSP ; Apila el valor del registro sp
STOREFP ; Almacena el tope de la pila en el registro fp
FMEM 0
STOREFP ;AF Almacena el tope de la pila en el registro fp
RET 0
m7@Main:
LOADFP ; Apila el valor del registro fp
LOADSP ; Apila el valor del registro sp
STOREFP ; Almacena el tope de la pila en el registro fp
FMEM 0
LOAD 3
LOADREF 1 ; offset atributo
STORE 4
STOREFP ; Almacena el tope de la pila en el registro fp
RET 1



FMEM 0
STOREFP ;AF Almacena el tope de la pila en el registro fp
RET 1
m8@Main:
LOADFP ; Apila el valor del registro fp
LOADSP ; Apila el valor del registro sp
STOREFP ; Almacena el tope de la pila en el registro fp
FMEM 0
LOAD 3
LOADREF 2 ; offset atributo
STORE 4
STOREFP ; Almacena el tope de la pila en el registro fp
RET 1



FMEM 0
STOREFP ;AF Almacena el tope de la pila en el registro fp
RET 1
m9@Main:
LOADFP ; Apila el valor del registro fp
LOADSP ; Apila el valor del registro sp
STOREFP ; Almacena el tope de la pila en el registro fp
FMEM 0
RMEM 1
PUSH 1; apilo los atributos
PUSH simple_malloc
CALL
DUP
PUSH VT_U; apilo el comienzo de la vt
STOREREF 0
DUP



PUSH lblConstructor@U
CALL
STORE 4
STOREFP ; Almacena el tope de la pila en el registro fp
RET 1



FMEM 0
STOREFP ;AF Almacena el tope de la pila en el registro fp
RET 1



lblConstructor@Main:
LOADFP ; Apila el valor del registro fp
LOADSP ; Apila el valor del registro sp
STOREFP ; Almacena el tope de la pila en el registro fp
FMEM 0
FMEM 0
STOREFP ;AF Almacena el tope de la pila en el registro fp
RET 1



.DATA
VT_System: NOP

.CODE
printC$char@System:
LOADFP
LOADSP
STOREFP ; Almacena el tope de la pila en el registro fp
LOAD 3 ; cargo el primer parametro
CPRINT
STOREFP ; Almacena el tope de la pila en el registro fp
RET 1; +1


printS$string@System:
LOADFP
LOADSP
STOREFP ; Almacena el tope de la pila en el registro fp
LOAD 3 ; cargo el primer parametro
SPRINT
STOREFP ; Almacena el tope de la pila en el registro fp
RET 1; +1


println@System:
LOADFP
LOADSP
STOREFP ; Almacena el tope de la pila en el registro fp
PRNLN
STOREFP ; Almacena el tope de la pila en el registro fp
RET 0; +0


printCln$char@System:
LOADFP
LOADSP
STOREFP ; Almacena el tope de la pila en el registro fp
LOAD 3 ; cargo el primer parametro
CPRINT
PRNLN
STOREFP ; Almacena el tope de la pila en el registro fp
RET 1; +1


printSln$string@System:
LOADFP
LOADSP
STOREFP ; Almacena el tope de la pila en el registro fp
LOAD 3 ; cargo el primer parametro
SPRINT
PRNLN
STOREFP ; Almacena el tope de la pila en el registro fp
RET 1; +1


read@System:
LOADFP
LOADSP
STOREFP ; Almacena el tope de la pila en el registro fp
READ ; lectura de un digito entero
PUSH 48 ; apilo el 48 para restarselo al ASCII del digito paa obtener el numero
SUB
STORE 3 ; pongo el tope de la pila en la locacion reservada
STOREFP ; Almacena el tope de la pila en el registro fp
RET 0; +0


printB$boolean@System:
LOADFP
LOADSP
STOREFP ; Almacena el tope de la pila en el registro fp
LOAD 3 ; cargo el primer parametro
BPRINT
STOREFP ; Almacena el tope de la pila en el registro fp
RET 1; +1


printIln$int@System:
LOADFP
LOADSP
STOREFP ; Almacena el tope de la pila en el registro fp
LOAD 3 ; cargo el primer parametro
IPRINT
PRNLN
STOREFP ; Almacena el tope de la pila en el registro fp
RET 1; +1


printI$int@System:
LOADFP
LOADSP
STOREFP ; Almacena el tope de la pila en el registro fp
LOAD 3 ; cargo el primer parametro
IPRINT
STOREFP ; Almacena el tope de la pila en el registro fp
RET 1; +1


printBln$boolean@System:
LOADFP
LOADSP
STOREFP ; Almacena el tope de la pila en el registro fp
LOAD 3 ; cargo el primer parametro
BPRINT
PRNLN
STOREFP ; Almacena el tope de la pila en el registro fp
RET 1; +1





lblConstructor@System:
LOADFP ; Apila el valor del registro fp
LOADSP ; Apila el valor del registro sp
STOREFP ; Almacena el tope de la pila en el registro fp
FMEM 0
FMEM 0
STOREFP ;AF Almacena el tope de la pila en el registro fp
RET 1
