.CODE
PUSH simple_heap_init
CALL
PUSH main@Init
CALL
HALT

simple_heap_init: RET 0 ; Retorna inmediatamente

simple_malloc:
LOADFP ; Inicialización unidad
LOADSP
STOREFP ; Finaliza inicialización del RA
LOADHL ; hl
DUP ; hl
PUSH 1 ; 1
ADD ; hl + 1
STORE 4 ; Guarda el resultado (un puntero a la primer celda de la región de memoria)
LOAD 3 ; Carga cantidad de celdas a alojar (parámetro)
ADD
STOREHL ; Mueve el heap limit (hl)
STOREFP ; Almacena el tope de la pila en el registro fp
RET 1 ; Retorna eliminando el parámetro




.DATA
VT_A: DW fibonacci$int$int$int@A

.CODE
fibonacci$int$int$int@A:
LOADFP ; Apila el valor del registro fp
LOADSP ; Apila el valor del registro sp
STOREFP ; Almacena el tope de la pila en el registro fp
RMEM 1 ; guardo lugar para la variable local anteriorAux
LOAD 6
STORE 0
LOAD 4
LOAD 5
GT
BF labelThennull ; salta afuera del if si la condicion es falsa
PUSH VT_System
POP ; como es estatico no me sirve la referencia anterior
LOAD 5
PUSH printIln$int@System; etiqueta
CALL
LOAD 5
PUSH 0 ; Apila el entero 0
EQ
BF labelElsenull ; salta a la condicion else
LOAD 5
PUSH 1 ; Apila el entero 1
ADD
DUP
STORE 5
POP
JUMP labelThennull ; salteo al else
labelElsenull:
LOAD 5
DUP
STORE 6
POP
LOAD 0
LOAD 5
ADD
DUP
STORE 5
POP
FMEM 0
labelThennull: NOP



LOAD 3
LOAD 6
LOAD 5
LOAD 4
DUP
LOADREF 0 ; Cargo la VT
LOADREF 0
CALL
FMEM 0
labelElsenull: NOP



FMEM 1
STOREFP ;AF Almacena el tope de la pila en el registro fp
RET 4



lblConstructor@A:
LOADFP ; Apila el valor del registro fp
LOADSP ; Apila el valor del registro sp
STOREFP ; Almacena el tope de la pila en el registro fp
FMEM 0
FMEM 0
STOREFP ;AF Almacena el tope de la pila en el registro fp
RET 1



.DATA
VT_Init: NOP

.CODE
main@Init:
LOADFP ; Apila el valor del registro fp
LOADSP ; Apila el valor del registro sp
STOREFP ; Almacena el tope de la pila en el registro fp
PUSH VT_System
POP ; como es estatico no me sirve la referencia anterior
RMEM 1 ; puntero al String en .HEAP
PUSH 28
PUSH simple_malloc
CALL
DUP ; Duplico la referencia del comienzo del String ya que STOREREF la consume
PUSH 'I' 
STOREREF 0 ; Guardo la letra apilada
DUP ; Duplico la referencia del comienzo del String ya que STOREREF la consume
PUSH 'n' 
STOREREF 1 ; Guardo la letra apilada
DUP ; Duplico la referencia del comienzo del String ya que STOREREF la consume
PUSH 'g' 
STOREREF 2 ; Guardo la letra apilada
DUP ; Duplico la referencia del comienzo del String ya que STOREREF la consume
PUSH 'r' 
STOREREF 3 ; Guardo la letra apilada
DUP ; Duplico la referencia del comienzo del String ya que STOREREF la consume
PUSH 'e' 
STOREREF 4 ; Guardo la letra apilada
DUP ; Duplico la referencia del comienzo del String ya que STOREREF la consume
PUSH 's' 
STOREREF 5 ; Guardo la letra apilada
DUP ; Duplico la referencia del comienzo del String ya que STOREREF la consume
PUSH 'a' 
STOREREF 6 ; Guardo la letra apilada
DUP ; Duplico la referencia del comienzo del String ya que STOREREF la consume
PUSH ' ' 
STOREREF 7 ; Guardo la letra apilada
DUP ; Duplico la referencia del comienzo del String ya que STOREREF la consume
PUSH 'u' 
STOREREF 8 ; Guardo la letra apilada
DUP ; Duplico la referencia del comienzo del String ya que STOREREF la consume
PUSH 'n' 
STOREREF 9 ; Guardo la letra apilada
DUP ; Duplico la referencia del comienzo del String ya que STOREREF la consume
PUSH ' ' 
STOREREF 10 ; Guardo la letra apilada
DUP ; Duplico la referencia del comienzo del String ya que STOREREF la consume
PUSH 'v' 
STOREREF 11 ; Guardo la letra apilada
DUP ; Duplico la referencia del comienzo del String ya que STOREREF la consume
PUSH 'a' 
STOREREF 12 ; Guardo la letra apilada
DUP ; Duplico la referencia del comienzo del String ya que STOREREF la consume
PUSH 'l' 
STOREREF 13 ; Guardo la letra apilada
DUP ; Duplico la referencia del comienzo del String ya que STOREREF la consume
PUSH 'o' 
STOREREF 14 ; Guardo la letra apilada
DUP ; Duplico la referencia del comienzo del String ya que STOREREF la consume
PUSH 'r' 
STOREREF 15 ; Guardo la letra apilada
DUP ; Duplico la referencia del comienzo del String ya que STOREREF la consume
PUSH ' ' 
STOREREF 16 ; Guardo la letra apilada
DUP ; Duplico la referencia del comienzo del String ya que STOREREF la consume
PUSH 'm' 
STOREREF 17 ; Guardo la letra apilada
DUP ; Duplico la referencia del comienzo del String ya que STOREREF la consume
PUSH 'e' 
STOREREF 18 ; Guardo la letra apilada
DUP ; Duplico la referencia del comienzo del String ya que STOREREF la consume
PUSH 'n' 
STOREREF 19 ; Guardo la letra apilada
DUP ; Duplico la referencia del comienzo del String ya que STOREREF la consume
PUSH 'o' 
STOREREF 20 ; Guardo la letra apilada
DUP ; Duplico la referencia del comienzo del String ya que STOREREF la consume
PUSH 'r' 
STOREREF 21 ; Guardo la letra apilada
DUP ; Duplico la referencia del comienzo del String ya que STOREREF la consume
PUSH ' ' 
STOREREF 22 ; Guardo la letra apilada
DUP ; Duplico la referencia del comienzo del String ya que STOREREF la consume
PUSH 'a' 
STOREREF 23 ; Guardo la letra apilada
DUP ; Duplico la referencia del comienzo del String ya que STOREREF la consume
PUSH ' ' 
STOREREF 24 ; Guardo la letra apilada
DUP ; Duplico la referencia del comienzo del String ya que STOREREF la consume
PUSH '1' 
STOREREF 25 ; Guardo la letra apilada
DUP ; Duplico la referencia del comienzo del String ya que STOREREF la consume
PUSH '0' 
STOREREF 26 ; Guardo la letra apilada
DUP ; Duplico la referencia del comienzo del String ya que STOREREF la consume
PUSH 0 ; Apilo terminador
STOREREF 27
PUSH printSln$string@System; etiqueta
CALL
RMEM 1 ; guardo lugar para la variable local a
PUSH VT_System
POP ; como es estatico no me sirve la referencia anterior
RMEM 1 ; reservo lugar para el return
PUSH read@System; etiqueta
CALL
STORE 0
LOAD 0
PUSH 0 ; Apila el entero 0
LT
BF labelElsenull ; salta a la condicion else
PUSH VT_System
POP ; como es estatico no me sirve la referencia anterior
RMEM 1 ; puntero al String en .HEAP
PUSH 6
PUSH simple_malloc
CALL
DUP ; Duplico la referencia del comienzo del String ya que STOREREF la consume
PUSH 'E' 
STOREREF 0 ; Guardo la letra apilada
DUP ; Duplico la referencia del comienzo del String ya que STOREREF la consume
PUSH 'r' 
STOREREF 1 ; Guardo la letra apilada
DUP ; Duplico la referencia del comienzo del String ya que STOREREF la consume
PUSH 'r' 
STOREREF 2 ; Guardo la letra apilada
DUP ; Duplico la referencia del comienzo del String ya que STOREREF la consume
PUSH 'o' 
STOREREF 3 ; Guardo la letra apilada
DUP ; Duplico la referencia del comienzo del String ya que STOREREF la consume
PUSH 'r' 
STOREREF 4 ; Guardo la letra apilada
DUP ; Duplico la referencia del comienzo del String ya que STOREREF la consume
PUSH 0 ; Apilo terminador
STOREREF 5
PUSH printSln$string@System; etiqueta
CALL
FMEM 0
JUMP labelThennull ; salteo al else
labelElsenull:
LOAD 0
PUSH 0 ; Apila el entero 0
NE
BF labelElsenull ; salta a la condicion else
RMEM 1 ; guardo lugar para la variable local tipoA
RMEM 1
PUSH 1; apilo los atributos
PUSH simple_malloc
CALL
DUP
PUSH VT_A; apilo el comienzo de la vt
STOREREF 0
DUP



PUSH lblConstructor@A
CALL
STORE -1
LOAD -1
PUSH 0 ; Apila el entero 0
SWAP
PUSH 0 ; Apila el entero 0
SWAP
LOAD 0
SWAP
DUP ; no perder el this
LOADREF 0 ; cargo la vt
LOADREF 0
CALL
FMEM 1
JUMP labelThennull ; salteo al else
labelElsenull:
PUSH VT_System
POP ; como es estatico no me sirve la referencia anterior
LOAD 0
PUSH printI$int@System; etiqueta
CALL
labelThennull: NOP



FMEM 0
labelThennull: NOP



FMEM 1
STOREFP ;AF Almacena el tope de la pila en el registro fp
RET 0



lblConstructor@Init:
LOADFP ; Apila el valor del registro fp
LOADSP ; Apila el valor del registro sp
STOREFP ; Almacena el tope de la pila en el registro fp
FMEM 0
FMEM 0
STOREFP ;AF Almacena el tope de la pila en el registro fp
RET 1



.DATA
VT_Object: NOP

.CODE
debugPrint$int@Object:
LOADFP
LOADSP
STOREFP ; Almacena el tope de la pila en el registro fp
LOAD 3 ; cargo el primer parametro
IPRINT
PRNLN
STOREFP ; Almacena el tope de la pila en el registro fp
RET 1; +1





lblConstructor@Object:
LOADFP ; Apila el valor del registro fp
LOADSP ; Apila el valor del registro sp
STOREFP ; Almacena el tope de la pila en el registro fp
FMEM 0
FMEM 0
STOREFP ;AF Almacena el tope de la pila en el registro fp
RET 1



.DATA
VT_String: NOP

.CODE



lblConstructor@String:
LOADFP ; Apila el valor del registro fp
LOADSP ; Apila el valor del registro sp
STOREFP ; Almacena el tope de la pila en el registro fp
FMEM 0
FMEM 0
STOREFP ;AF Almacena el tope de la pila en el registro fp
RET 1



.DATA
VT_System: NOP

.CODE
printC$boolean@System:
LOADFP
LOADSP
STOREFP ; Almacena el tope de la pila en el registro fp
LOAD 3 ; cargo el primer parametro
CPRINT
STOREFP ; Almacena el tope de la pila en el registro fp
RET 1; +1


printS$string@System:
LOADFP
LOADSP
STOREFP ; Almacena el tope de la pila en el registro fp
LOAD 3 ; cargo el primer parametro
SPRINT
STOREFP ; Almacena el tope de la pila en el registro fp
RET 1; +1


println@System:
LOADFP
LOADSP
STOREFP ; Almacena el tope de la pila en el registro fp
PRNLN
STOREFP ; Almacena el tope de la pila en el registro fp
RET 0; +0


printCln$char@System:
LOADFP
LOADSP
STOREFP ; Almacena el tope de la pila en el registro fp
LOAD 3 ; cargo el primer parametro
CPRINT
PRNLN
STOREFP ; Almacena el tope de la pila en el registro fp
RET 1; +1


printSln$string@System:
LOADFP
LOADSP
STOREFP ; Almacena el tope de la pila en el registro fp
LOAD 3 ; cargo el primer parametro
SPRINT
PRNLN
STOREFP ; Almacena el tope de la pila en el registro fp
RET 1; +1


read@System:
LOADFP
LOADSP
STOREFP ; Almacena el tope de la pila en el registro fp
READ ; lectura de un digito entero
PUSH 48 ; apilo el 48 para restarselo al ASCII del digito paa obtener el numero
SUB
STORE 3 ; pongo el tope de la pila en la locacion reservada
STOREFP ; Almacena el tope de la pila en el registro fp
RET 0; +0


printB$boolean@System:
LOADFP
LOADSP
STOREFP ; Almacena el tope de la pila en el registro fp
LOAD 3 ; cargo el primer parametro
BPRINT
STOREFP ; Almacena el tope de la pila en el registro fp
RET 1; +1


printIln$int@System:
LOADFP
LOADSP
STOREFP ; Almacena el tope de la pila en el registro fp
LOAD 3 ; cargo el primer parametro
IPRINT
PRNLN
STOREFP ; Almacena el tope de la pila en el registro fp
RET 1; +1


printI$int@System:
LOADFP
LOADSP
STOREFP ; Almacena el tope de la pila en el registro fp
LOAD 3 ; cargo el primer parametro
IPRINT
STOREFP ; Almacena el tope de la pila en el registro fp
RET 1; +1


printBln$boolean@System:
LOADFP
LOADSP
STOREFP ; Almacena el tope de la pila en el registro fp
LOAD 3 ; cargo el primer parametro
BPRINT
PRNLN
STOREFP ; Almacena el tope de la pila en el registro fp
RET 1; +1





lblConstructor@System:
LOADFP ; Apila el valor del registro fp
LOADSP ; Apila el valor del registro sp
STOREFP ; Almacena el tope de la pila en el registro fp
FMEM 0
FMEM 0
STOREFP ;AF Almacena el tope de la pila en el registro fp
RET 1
