.CODE
PUSH simple_heap_init
CALL
PUSH main@Init
CALL
HALT

simple_heap_init: RET 0 ; Retorna inmediatamente

simple_malloc:
LOADFP ; Inicialización unidad
LOADSP
STOREFP ; Finaliza inicialización del RA
LOADHL ; hl
DUP ; hl
PUSH 1 ; 1
ADD ; hl + 1
STORE 4 ; Guarda el resultado (un puntero a la primer celda de la región de memoria)
LOAD 3 ; Carga cantidad de celdas a alojar (parámetro)
ADD
STOREHL ; Mueve el heap limit (hl)
STOREFP ; Almacena el tope de la pila en el registro fp
RET 1 ; Retorna eliminando el parámetro




.DATA
VT_Init: NOP

.CODE
main@Init:
LOADFP ; Apila el valor del registro fp
LOADSP ; Apila el valor del registro sp
STOREFP ; Almacena el tope de la pila en el registro fp
PUSH 1 ; Apila el entero 1
PUSH 1 ; Apila el entero 1
EQ
BF labelThen36 ; salta afuera del if si la condicion es falsa
PUSH VT_System
POP ; como es estatico no me sirve la referencia anterior
RMEM 1 ; puntero al String en .HEAP
PUSH 9
PUSH simple_malloc
CALL
DUP ; Duplico la referencia del comienzo del String ya que STOREREF la consume
PUSH 'I' 
STOREREF 0 ; Guardo la letra apilada
DUP ; Duplico la referencia del comienzo del String ya que STOREREF la consume
PUSH 'G' 
STOREREF 1 ; Guardo la letra apilada
DUP ; Duplico la referencia del comienzo del String ya que STOREREF la consume
PUSH 'U' 
STOREREF 2 ; Guardo la letra apilada
DUP ; Duplico la referencia del comienzo del String ya que STOREREF la consume
PUSH 'A' 
STOREREF 3 ; Guardo la letra apilada
DUP ; Duplico la referencia del comienzo del String ya que STOREREF la consume
PUSH 'L' 
STOREREF 4 ; Guardo la letra apilada
DUP ; Duplico la referencia del comienzo del String ya que STOREREF la consume
PUSH 'D' 
STOREREF 5 ; Guardo la letra apilada
DUP ; Duplico la referencia del comienzo del String ya que STOREREF la consume
PUSH 'A' 
STOREREF 6 ; Guardo la letra apilada
DUP ; Duplico la referencia del comienzo del String ya que STOREREF la consume
PUSH 'D' 
STOREREF 7 ; Guardo la letra apilada
DUP ; Duplico la referencia del comienzo del String ya que STOREREF la consume
PUSH 0 ; Apilo terminador
STOREREF 8
PUSH printSln$string@System; etiqueta
CALL
labelThen36: NOP



PUSH 0 ; Apila el entero 0
PUSH 1 ; Apila el entero 1
LT
BF labelThen38 ; salta afuera del if si la condicion es falsa
PUSH VT_System
POP ; como es estatico no me sirve la referencia anterior
RMEM 1 ; puntero al String en .HEAP
PUSH 6
PUSH simple_malloc
CALL
DUP ; Duplico la referencia del comienzo del String ya que STOREREF la consume
PUSH 'M' 
STOREREF 0 ; Guardo la letra apilada
DUP ; Duplico la referencia del comienzo del String ya que STOREREF la consume
PUSH 'E' 
STOREREF 1 ; Guardo la letra apilada
DUP ; Duplico la referencia del comienzo del String ya que STOREREF la consume
PUSH 'N' 
STOREREF 2 ; Guardo la letra apilada
DUP ; Duplico la referencia del comienzo del String ya que STOREREF la consume
PUSH 'O' 
STOREREF 3 ; Guardo la letra apilada
DUP ; Duplico la referencia del comienzo del String ya que STOREREF la consume
PUSH 'R' 
STOREREF 4 ; Guardo la letra apilada
DUP ; Duplico la referencia del comienzo del String ya que STOREREF la consume
PUSH 0 ; Apilo terminador
STOREREF 5
PUSH printSln$string@System; etiqueta
CALL
labelThen38: NOP



PUSH 1 ; Apila el entero 1
PUSH 0 ; Apila el entero 0
GT
BF labelThen40 ; salta afuera del if si la condicion es falsa
PUSH VT_System
POP ; como es estatico no me sirve la referencia anterior
RMEM 1 ; puntero al String en .HEAP
PUSH 6
PUSH simple_malloc
CALL
DUP ; Duplico la referencia del comienzo del String ya que STOREREF la consume
PUSH 'M' 
STOREREF 0 ; Guardo la letra apilada
DUP ; Duplico la referencia del comienzo del String ya que STOREREF la consume
PUSH 'A' 
STOREREF 1 ; Guardo la letra apilada
DUP ; Duplico la referencia del comienzo del String ya que STOREREF la consume
PUSH 'Y' 
STOREREF 2 ; Guardo la letra apilada
DUP ; Duplico la referencia del comienzo del String ya que STOREREF la consume
PUSH 'O' 
STOREREF 3 ; Guardo la letra apilada
DUP ; Duplico la referencia del comienzo del String ya que STOREREF la consume
PUSH 'R' 
STOREREF 4 ; Guardo la letra apilada
DUP ; Duplico la referencia del comienzo del String ya que STOREREF la consume
PUSH 0 ; Apilo terminador
STOREREF 5
PUSH printSln$string@System; etiqueta
CALL
labelThen40: NOP



PUSH 1 ; Apila el entero 1
PUSH 1 ; Apila el entero 1
GE
BF labelThen42 ; salta afuera del if si la condicion es falsa
PUSH VT_System
POP ; como es estatico no me sirve la referencia anterior
RMEM 1 ; puntero al String en .HEAP
PUSH 11
PUSH simple_malloc
CALL
DUP ; Duplico la referencia del comienzo del String ya que STOREREF la consume
PUSH 'M' 
STOREREF 0 ; Guardo la letra apilada
DUP ; Duplico la referencia del comienzo del String ya que STOREREF la consume
PUSH 'A' 
STOREREF 1 ; Guardo la letra apilada
DUP ; Duplico la referencia del comienzo del String ya que STOREREF la consume
PUSH 'I' 
STOREREF 2 ; Guardo la letra apilada
DUP ; Duplico la referencia del comienzo del String ya que STOREREF la consume
PUSH 'G' 
STOREREF 3 ; Guardo la letra apilada
DUP ; Duplico la referencia del comienzo del String ya que STOREREF la consume
PUSH 'U' 
STOREREF 4 ; Guardo la letra apilada
DUP ; Duplico la referencia del comienzo del String ya que STOREREF la consume
PUSH 'A' 
STOREREF 5 ; Guardo la letra apilada
DUP ; Duplico la referencia del comienzo del String ya que STOREREF la consume
PUSH 'L' 
STOREREF 6 ; Guardo la letra apilada
DUP ; Duplico la referencia del comienzo del String ya que STOREREF la consume
PUSH 'D' 
STOREREF 7 ; Guardo la letra apilada
DUP ; Duplico la referencia del comienzo del String ya que STOREREF la consume
PUSH 'A' 
STOREREF 8 ; Guardo la letra apilada
DUP ; Duplico la referencia del comienzo del String ya que STOREREF la consume
PUSH 'D' 
STOREREF 9 ; Guardo la letra apilada
DUP ; Duplico la referencia del comienzo del String ya que STOREREF la consume
PUSH 0 ; Apilo terminador
STOREREF 10
PUSH printSln$string@System; etiqueta
CALL
labelThen42: NOP



PUSH 1 ; Apila el entero 1
PUSH 1 ; Apila el entero 1
LE
BF labelThen44 ; salta afuera del if si la condicion es falsa
PUSH VT_System
POP ; como es estatico no me sirve la referencia anterior
RMEM 1 ; puntero al String en .HEAP
PUSH 11
PUSH simple_malloc
CALL
DUP ; Duplico la referencia del comienzo del String ya que STOREREF la consume
PUSH 'M' 
STOREREF 0 ; Guardo la letra apilada
DUP ; Duplico la referencia del comienzo del String ya que STOREREF la consume
PUSH 'E' 
STOREREF 1 ; Guardo la letra apilada
DUP ; Duplico la referencia del comienzo del String ya que STOREREF la consume
PUSH 'I' 
STOREREF 2 ; Guardo la letra apilada
DUP ; Duplico la referencia del comienzo del String ya que STOREREF la consume
PUSH 'G' 
STOREREF 3 ; Guardo la letra apilada
DUP ; Duplico la referencia del comienzo del String ya que STOREREF la consume
PUSH 'U' 
STOREREF 4 ; Guardo la letra apilada
DUP ; Duplico la referencia del comienzo del String ya que STOREREF la consume
PUSH 'A' 
STOREREF 5 ; Guardo la letra apilada
DUP ; Duplico la referencia del comienzo del String ya que STOREREF la consume
PUSH 'L' 
STOREREF 6 ; Guardo la letra apilada
DUP ; Duplico la referencia del comienzo del String ya que STOREREF la consume
PUSH 'D' 
STOREREF 7 ; Guardo la letra apilada
DUP ; Duplico la referencia del comienzo del String ya que STOREREF la consume
PUSH 'A' 
STOREREF 8 ; Guardo la letra apilada
DUP ; Duplico la referencia del comienzo del String ya que STOREREF la consume
PUSH 'D' 
STOREREF 9 ; Guardo la letra apilada
DUP ; Duplico la referencia del comienzo del String ya que STOREREF la consume
PUSH 0 ; Apilo terminador
STOREREF 10
PUSH printSln$string@System; etiqueta
CALL
labelThen44: NOP



PUSH 1 ; Apila el entero 1
PUSH 1 ; Apila el entero 1
SUB
PUSH 0 ; Apila el entero 0
EQ
BF labelThen46 ; salta afuera del if si la condicion es falsa
PUSH VT_System
POP ; como es estatico no me sirve la referencia anterior
RMEM 1 ; puntero al String en .HEAP
PUSH 6
PUSH simple_malloc
CALL
DUP ; Duplico la referencia del comienzo del String ya que STOREREF la consume
PUSH 'M' 
STOREREF 0 ; Guardo la letra apilada
DUP ; Duplico la referencia del comienzo del String ya que STOREREF la consume
PUSH 'E' 
STOREREF 1 ; Guardo la letra apilada
DUP ; Duplico la referencia del comienzo del String ya que STOREREF la consume
PUSH 'N' 
STOREREF 2 ; Guardo la letra apilada
DUP ; Duplico la referencia del comienzo del String ya que STOREREF la consume
PUSH 'O' 
STOREREF 3 ; Guardo la letra apilada
DUP ; Duplico la referencia del comienzo del String ya que STOREREF la consume
PUSH 'S' 
STOREREF 4 ; Guardo la letra apilada
DUP ; Duplico la referencia del comienzo del String ya que STOREREF la consume
PUSH 0 ; Apilo terminador
STOREREF 5
PUSH printSln$string@System; etiqueta
CALL
labelThen46: NOP



PUSH 1 ; Apila el entero 1
PUSH 1 ; Apila el entero 1
ADD
PUSH 2 ; Apila el entero 2
EQ
BF labelThen48 ; salta afuera del if si la condicion es falsa
PUSH VT_System
POP ; como es estatico no me sirve la referencia anterior
RMEM 1 ; puntero al String en .HEAP
PUSH 4
PUSH simple_malloc
CALL
DUP ; Duplico la referencia del comienzo del String ya que STOREREF la consume
PUSH 'M' 
STOREREF 0 ; Guardo la letra apilada
DUP ; Duplico la referencia del comienzo del String ya que STOREREF la consume
PUSH 'A' 
STOREREF 1 ; Guardo la letra apilada
DUP ; Duplico la referencia del comienzo del String ya que STOREREF la consume
PUSH 'S' 
STOREREF 2 ; Guardo la letra apilada
DUP ; Duplico la referencia del comienzo del String ya que STOREREF la consume
PUSH 0 ; Apilo terminador
STOREREF 3
PUSH printSln$string@System; etiqueta
CALL
labelThen48: NOP



PUSH 1 ; Apila el entero 1
PUSH 1 ; Apila el entero 1
EQ
PUSH 1 ; apilo true
AND
BF labelThen50 ; salta afuera del if si la condicion es falsa
PUSH VT_System
POP ; como es estatico no me sirve la referencia anterior
RMEM 1 ; puntero al String en .HEAP
PUSH 4
PUSH simple_malloc
CALL
DUP ; Duplico la referencia del comienzo del String ya que STOREREF la consume
PUSH 'A' 
STOREREF 0 ; Guardo la letra apilada
DUP ; Duplico la referencia del comienzo del String ya que STOREREF la consume
PUSH 'N' 
STOREREF 1 ; Guardo la letra apilada
DUP ; Duplico la referencia del comienzo del String ya que STOREREF la consume
PUSH 'D' 
STOREREF 2 ; Guardo la letra apilada
DUP ; Duplico la referencia del comienzo del String ya que STOREREF la consume
PUSH 0 ; Apilo terminador
STOREREF 3
PUSH printSln$string@System; etiqueta
CALL
labelThen50: NOP



PUSH 1 ; Apila el entero 1
PUSH 1 ; Apila el entero 1
NE
PUSH 1 ; apilo true
OR
BF labelThen52 ; salta afuera del if si la condicion es falsa
PUSH VT_System
POP ; como es estatico no me sirve la referencia anterior
RMEM 1 ; puntero al String en .HEAP
PUSH 3
PUSH simple_malloc
CALL
DUP ; Duplico la referencia del comienzo del String ya que STOREREF la consume
PUSH 'o' 
STOREREF 0 ; Guardo la letra apilada
DUP ; Duplico la referencia del comienzo del String ya que STOREREF la consume
PUSH 'r' 
STOREREF 1 ; Guardo la letra apilada
DUP ; Duplico la referencia del comienzo del String ya que STOREREF la consume
PUSH 0 ; Apilo terminador
STOREREF 2
PUSH printSln$string@System; etiqueta
CALL
labelThen52: NOP



PUSH 0 ; apilo false
BF labelThen54 ; salta afuera del if si la condicion es falsa
PUSH VT_System
POP ; como es estatico no me sirve la referencia anterior
RMEM 1 ; puntero al String en .HEAP
PUSH 9
PUSH simple_malloc
CALL
DUP ; Duplico la referencia del comienzo del String ya que STOREREF la consume
PUSH 'n' 
STOREREF 0 ; Guardo la letra apilada
DUP ; Duplico la referencia del comienzo del String ya que STOREREF la consume
PUSH 'e' 
STOREREF 1 ; Guardo la letra apilada
DUP ; Duplico la referencia del comienzo del String ya que STOREREF la consume
PUSH 'g' 
STOREREF 2 ; Guardo la letra apilada
DUP ; Duplico la referencia del comienzo del String ya que STOREREF la consume
PUSH 'a' 
STOREREF 3 ; Guardo la letra apilada
DUP ; Duplico la referencia del comienzo del String ya que STOREREF la consume
PUSH 'c' 
STOREREF 4 ; Guardo la letra apilada
DUP ; Duplico la referencia del comienzo del String ya que STOREREF la consume
PUSH 'i' 
STOREREF 5 ; Guardo la letra apilada
DUP ; Duplico la referencia del comienzo del String ya que STOREREF la consume
PUSH 'o' 
STOREREF 6 ; Guardo la letra apilada
DUP ; Duplico la referencia del comienzo del String ya que STOREREF la consume
PUSH 'n' 
STOREREF 7 ; Guardo la letra apilada
DUP ; Duplico la referencia del comienzo del String ya que STOREREF la consume
PUSH 0 ; Apilo terminador
STOREREF 8
PUSH printSln$string@System; etiqueta
CALL
labelThen54: NOP



PUSH 2 ; Apila el entero 2
PUSH 2 ; Apila el entero 2
DIV
PUSH 1 ; Apila el entero 1
EQ
BF labelThen56 ; salta afuera del if si la condicion es falsa
PUSH VT_System
POP ; como es estatico no me sirve la referencia anterior
RMEM 1 ; puntero al String en .HEAP
PUSH 4
PUSH simple_malloc
CALL
DUP ; Duplico la referencia del comienzo del String ya que STOREREF la consume
PUSH 'D' 
STOREREF 0 ; Guardo la letra apilada
DUP ; Duplico la referencia del comienzo del String ya que STOREREF la consume
PUSH 'I' 
STOREREF 1 ; Guardo la letra apilada
DUP ; Duplico la referencia del comienzo del String ya que STOREREF la consume
PUSH 'V' 
STOREREF 2 ; Guardo la letra apilada
DUP ; Duplico la referencia del comienzo del String ya que STOREREF la consume
PUSH 0 ; Apilo terminador
STOREREF 3
PUSH printSln$string@System; etiqueta
CALL
labelThen56: NOP



PUSH 2 ; Apila el entero 2
PUSH 2 ; Apila el entero 2
MOD
PUSH 0 ; Apila el entero 0
EQ
BF labelThen58 ; salta afuera del if si la condicion es falsa
PUSH VT_System
POP ; como es estatico no me sirve la referencia anterior
RMEM 1 ; puntero al String en .HEAP
PUSH 7
PUSH simple_malloc
CALL
DUP ; Duplico la referencia del comienzo del String ya que STOREREF la consume
PUSH 'm' 
STOREREF 0 ; Guardo la letra apilada
DUP ; Duplico la referencia del comienzo del String ya que STOREREF la consume
PUSH 'o' 
STOREREF 1 ; Guardo la letra apilada
DUP ; Duplico la referencia del comienzo del String ya que STOREREF la consume
PUSH 'd' 
STOREREF 2 ; Guardo la letra apilada
DUP ; Duplico la referencia del comienzo del String ya que STOREREF la consume
PUSH 'u' 
STOREREF 3 ; Guardo la letra apilada
DUP ; Duplico la referencia del comienzo del String ya que STOREREF la consume
PUSH 'l' 
STOREREF 4 ; Guardo la letra apilada
DUP ; Duplico la referencia del comienzo del String ya que STOREREF la consume
PUSH 'o' 
STOREREF 5 ; Guardo la letra apilada
DUP ; Duplico la referencia del comienzo del String ya que STOREREF la consume
PUSH 0 ; Apilo terminador
STOREREF 6
PUSH printSln$string@System; etiqueta
CALL
labelThen58: NOP



PUSH 2 ; Apila el entero 2
PUSH 3 ; Apila el entero 3
MUL
PUSH 6 ; Apila el entero 6
EQ
BF labelThen60 ; salta afuera del if si la condicion es falsa
PUSH VT_System
POP ; como es estatico no me sirve la referencia anterior
RMEM 1 ; puntero al String en .HEAP
PUSH 4
PUSH simple_malloc
CALL
DUP ; Duplico la referencia del comienzo del String ya que STOREREF la consume
PUSH 'M' 
STOREREF 0 ; Guardo la letra apilada
DUP ; Duplico la referencia del comienzo del String ya que STOREREF la consume
PUSH 'U' 
STOREREF 1 ; Guardo la letra apilada
DUP ; Duplico la referencia del comienzo del String ya que STOREREF la consume
PUSH 'L' 
STOREREF 2 ; Guardo la letra apilada
DUP ; Duplico la referencia del comienzo del String ya que STOREREF la consume
PUSH 0 ; Apilo terminador
STOREREF 3
PUSH printSln$string@System; etiqueta
CALL
labelThen60: NOP



RMEM 1 ; guardo lugar para la variable local a
PUSH 2 ; Apila el entero 2
STORE 0
LOAD 0
PUSH 0 ; Apila el entero 0
LT
BF labelThen62 ; salta afuera del if si la condicion es falsa
PUSH VT_System
POP ; como es estatico no me sirve la referencia anterior
RMEM 1 ; puntero al String en .HEAP
PUSH 9
PUSH simple_malloc
CALL
DUP ; Duplico la referencia del comienzo del String ya que STOREREF la consume
PUSH 'N' 
STOREREF 0 ; Guardo la letra apilada
DUP ; Duplico la referencia del comienzo del String ya que STOREREF la consume
PUSH 'e' 
STOREREF 1 ; Guardo la letra apilada
DUP ; Duplico la referencia del comienzo del String ya que STOREREF la consume
PUSH 'g' 
STOREREF 2 ; Guardo la letra apilada
DUP ; Duplico la referencia del comienzo del String ya que STOREREF la consume
PUSH 'a' 
STOREREF 3 ; Guardo la letra apilada
DUP ; Duplico la referencia del comienzo del String ya que STOREREF la consume
PUSH 't' 
STOREREF 4 ; Guardo la letra apilada
DUP ; Duplico la referencia del comienzo del String ya que STOREREF la consume
PUSH 'i' 
STOREREF 5 ; Guardo la letra apilada
DUP ; Duplico la referencia del comienzo del String ya que STOREREF la consume
PUSH 'v' 
STOREREF 6 ; Guardo la letra apilada
DUP ; Duplico la referencia del comienzo del String ya que STOREREF la consume
PUSH 'o' 
STOREREF 7 ; Guardo la letra apilada
DUP ; Duplico la referencia del comienzo del String ya que STOREREF la consume
PUSH 0 ; Apilo terminador
STOREREF 8
PUSH printSln$string@System; etiqueta
CALL
labelThen62: NOP



FMEM 1
STOREFP ;AF Almacena el tope de la pila en el registro fp
RET 0



lblConstructor@Init:
LOADFP ; Apila el valor del registro fp
LOADSP ; Apila el valor del registro sp
STOREFP ; Almacena el tope de la pila en el registro fp
FMEM 0
FMEM 0
STOREFP ;AF Almacena el tope de la pila en el registro fp
RET 1



.DATA
VT_Object: NOP

.CODE
debugPrint$int@Object:
LOADFP
LOADSP
STOREFP ; Almacena el tope de la pila en el registro fp
LOAD 3 ; cargo el primer parametro
IPRINT
PRNLN
STOREFP ; Almacena el tope de la pila en el registro fp
RET 1; +1





lblConstructor@Object:
LOADFP ; Apila el valor del registro fp
LOADSP ; Apila el valor del registro sp
STOREFP ; Almacena el tope de la pila en el registro fp
FMEM 0
FMEM 0
STOREFP ;AF Almacena el tope de la pila en el registro fp
RET 1



.DATA
VT_String: NOP

.CODE



lblConstructor@String:
LOADFP ; Apila el valor del registro fp
LOADSP ; Apila el valor del registro sp
STOREFP ; Almacena el tope de la pila en el registro fp
FMEM 0
FMEM 0
STOREFP ;AF Almacena el tope de la pila en el registro fp
RET 1



.DATA
VT_System: NOP

.CODE
printC$char@System:
LOADFP
LOADSP
STOREFP ; Almacena el tope de la pila en el registro fp
LOAD 3 ; cargo el primer parametro
CPRINT
STOREFP ; Almacena el tope de la pila en el registro fp
RET 1; +1


printS$string@System:
LOADFP
LOADSP
STOREFP ; Almacena el tope de la pila en el registro fp
LOAD 3 ; cargo el primer parametro
SPRINT
STOREFP ; Almacena el tope de la pila en el registro fp
RET 1; +1


println@System:
LOADFP
LOADSP
STOREFP ; Almacena el tope de la pila en el registro fp
PRNLN
STOREFP ; Almacena el tope de la pila en el registro fp
RET 0; +0


printCln$char@System:
LOADFP
LOADSP
STOREFP ; Almacena el tope de la pila en el registro fp
LOAD 3 ; cargo el primer parametro
CPRINT
PRNLN
STOREFP ; Almacena el tope de la pila en el registro fp
RET 1; +1


printSln$string@System:
LOADFP
LOADSP
STOREFP ; Almacena el tope de la pila en el registro fp
LOAD 3 ; cargo el primer parametro
SPRINT
PRNLN
STOREFP ; Almacena el tope de la pila en el registro fp
RET 1; +1


read@System:
LOADFP
LOADSP
STOREFP ; Almacena el tope de la pila en el registro fp
READ ; lectura de un digito entero
PUSH 48 ; apilo el 48 para restarselo al ASCII del digito paa obtener el numero
SUB
STORE 3 ; pongo el tope de la pila en la locacion reservada
STOREFP ; Almacena el tope de la pila en el registro fp
RET 0; +0


printB$boolean@System:
LOADFP
LOADSP
STOREFP ; Almacena el tope de la pila en el registro fp
LOAD 3 ; cargo el primer parametro
BPRINT
STOREFP ; Almacena el tope de la pila en el registro fp
RET 1; +1


printIln$int@System:
LOADFP
LOADSP
STOREFP ; Almacena el tope de la pila en el registro fp
LOAD 3 ; cargo el primer parametro
IPRINT
PRNLN
STOREFP ; Almacena el tope de la pila en el registro fp
RET 1; +1


printI$int@System:
LOADFP
LOADSP
STOREFP ; Almacena el tope de la pila en el registro fp
LOAD 3 ; cargo el primer parametro
IPRINT
STOREFP ; Almacena el tope de la pila en el registro fp
RET 1; +1


printBln$boolean@System:
LOADFP
LOADSP
STOREFP ; Almacena el tope de la pila en el registro fp
LOAD 3 ; cargo el primer parametro
BPRINT
PRNLN
STOREFP ; Almacena el tope de la pila en el registro fp
RET 1; +1





lblConstructor@System:
LOADFP ; Apila el valor del registro fp
LOADSP ; Apila el valor del registro sp
STOREFP ; Almacena el tope de la pila en el registro fp
FMEM 0
FMEM 0
STOREFP ;AF Almacena el tope de la pila en el registro fp
RET 1
