.CODE
PUSH simple_heap_init
CALL
PUSH main@Init
CALL
HALT

simple_heap_init: RET 0 ; Retorna inmediatamente

simple_malloc:
LOADFP ; Inicialización unidad
LOADSP
STOREFP ; Finaliza inicialización del RA
LOADHL ; hl
DUP ; hl
PUSH 1 ; 1
ADD ; hl + 1
STORE 4 ; Guarda el resultado (un puntero a la primer celda de la región de memoria)
LOAD 3 ; Carga cantidad de celdas a alojar (parámetro)
ADD
STOREHL ; Mueve el heap limit (hl)
STOREFP ; Almacena el tope de la pila en el registro fp
RET 1 ; Retorna eliminando el parámetro




.DATA
VT_A: NOP

.CODE
m1@A:
LOADFP ; Apila el valor del registro fp
LOADSP ; Apila el valor del registro sp
STOREFP ; Almacena el tope de la pila en el registro fp
FMEM 0
PUSH 912 ; Apila el entero 912
STORE 3
STOREFP ; Almacena el tope de la pila en el registro fp
RET 0



FMEM 0
STOREFP ;AF Almacena el tope de la pila en el registro fp
RET 0



lblConstructor@A:
LOADFP ; Apila el valor del registro fp
LOADSP ; Apila el valor del registro sp
STOREFP ; Almacena el tope de la pila en el registro fp
FMEM 0
FMEM 0
STOREFP ;AF Almacena el tope de la pila en el registro fp
RET 1



.DATA
VT_Init: NOP

.CODE
main@Init:
LOADFP ; Apila el valor del registro fp
LOADSP ; Apila el valor del registro sp
STOREFP ; Almacena el tope de la pila en el registro fp
RMEM 1 ; guardo lugar para la variable local a
RMEM 1
PUSH 1; apilo los atributos
PUSH simple_malloc
CALL
DUP
PUSH VT_A; apilo el comienzo de la vt
STOREREF 0
DUP



PUSH lblConstructor@A
CALL
STORE 0
PUSH VT_System
POP ; como es estatico no me sirve la referencia anterior
LOAD 0
POP ; como es estatico no me sirve la referencia anterior
RMEM 1 ; reservo lugar para el return
PUSH m1@A; etiqueta
CALL
PUSH printI$int@System; etiqueta
CALL
FMEM 1
STOREFP ;AF Almacena el tope de la pila en el registro fp
RET 0



lblConstructor@Init:
LOADFP ; Apila el valor del registro fp
LOADSP ; Apila el valor del registro sp
STOREFP ; Almacena el tope de la pila en el registro fp
FMEM 0
FMEM 0
STOREFP ;AF Almacena el tope de la pila en el registro fp
RET 1



.DATA
VT_Object: NOP

.CODE
debugPrint$int@Object:
LOADFP
LOADSP
STOREFP ; Almacena el tope de la pila en el registro fp
LOAD 3 ; cargo el primer parametro
IPRINT
PRNLN
STOREFP ; Almacena el tope de la pila en el registro fp
RET 1; +1





lblConstructor@Object:
LOADFP ; Apila el valor del registro fp
LOADSP ; Apila el valor del registro sp
STOREFP ; Almacena el tope de la pila en el registro fp
FMEM 0
FMEM 0
STOREFP ;AF Almacena el tope de la pila en el registro fp
RET 1



.DATA
VT_String: NOP

.CODE



lblConstructor@String:
LOADFP ; Apila el valor del registro fp
LOADSP ; Apila el valor del registro sp
STOREFP ; Almacena el tope de la pila en el registro fp
FMEM 0
FMEM 0
STOREFP ;AF Almacena el tope de la pila en el registro fp
RET 1



.DATA
VT_System: NOP

.CODE
printC$char@System:
LOADFP
LOADSP
STOREFP ; Almacena el tope de la pila en el registro fp
LOAD 3 ; cargo el primer parametro
CPRINT
STOREFP ; Almacena el tope de la pila en el registro fp
RET 1; +1


printS$string@System:
LOADFP
LOADSP
STOREFP ; Almacena el tope de la pila en el registro fp
LOAD 3 ; cargo el primer parametro
SPRINT
STOREFP ; Almacena el tope de la pila en el registro fp
RET 1; +1


println@System:
LOADFP
LOADSP
STOREFP ; Almacena el tope de la pila en el registro fp
PRNLN
STOREFP ; Almacena el tope de la pila en el registro fp
RET 0; +0


printCln$char@System:
LOADFP
LOADSP
STOREFP ; Almacena el tope de la pila en el registro fp
LOAD 3 ; cargo el primer parametro
CPRINT
PRNLN
STOREFP ; Almacena el tope de la pila en el registro fp
RET 1; +1


printSln$string@System:
LOADFP
LOADSP
STOREFP ; Almacena el tope de la pila en el registro fp
LOAD 3 ; cargo el primer parametro
SPRINT
PRNLN
STOREFP ; Almacena el tope de la pila en el registro fp
RET 1; +1


read@System:
LOADFP
LOADSP
STOREFP ; Almacena el tope de la pila en el registro fp
READ ; lectura de un digito entero
PUSH 48 ; apilo el 48 para restarselo al ASCII del digito paa obtener el numero
SUB
STORE 3 ; pongo el tope de la pila en la locacion reservada
STOREFP ; Almacena el tope de la pila en el registro fp
RET 0; +0


printB$boolean@System:
LOADFP
LOADSP
STOREFP ; Almacena el tope de la pila en el registro fp
LOAD 3 ; cargo el primer parametro
BPRINT
STOREFP ; Almacena el tope de la pila en el registro fp
RET 1; +1


printIln$int@System:
LOADFP
LOADSP
STOREFP ; Almacena el tope de la pila en el registro fp
LOAD 3 ; cargo el primer parametro
IPRINT
PRNLN
STOREFP ; Almacena el tope de la pila en el registro fp
RET 1; +1


printI$int@System:
LOADFP
LOADSP
STOREFP ; Almacena el tope de la pila en el registro fp
LOAD 3 ; cargo el primer parametro
IPRINT
STOREFP ; Almacena el tope de la pila en el registro fp
RET 1; +1


printBln$boolean@System:
LOADFP
LOADSP
STOREFP ; Almacena el tope de la pila en el registro fp
LOAD 3 ; cargo el primer parametro
BPRINT
PRNLN
STOREFP ; Almacena el tope de la pila en el registro fp
RET 1; +1





lblConstructor@System:
LOADFP ; Apila el valor del registro fp
LOADSP ; Apila el valor del registro sp
STOREFP ; Almacena el tope de la pila en el registro fp
FMEM 0
FMEM 0
STOREFP ;AF Almacena el tope de la pila en el registro fp
RET 1
